#
# There is insufficient memory for the Java Runtime Environment to continue.
# Native memory allocation (malloc) failed to allocate 71303168 bytes for committing reserved memory.
# Possible reasons:
#   The system is out of physical RAM or swap space
#   In 32 bit mode, the process size limit was hit
# Possible solutions:
#   Reduce memory load on the system
#   Increase physical memory or swap space
#   Check if swap backing store is full
#   Use 64 bit Java on a 64 bit OS
#   Decrease Java heap size (-Xmx/-Xms)
#   Decrease number of Java threads
#   Decrease Java thread stack sizes (-Xss)
#   Set larger code cache with -XX:ReservedCodeCacheSize=
# This output file may be truncated or incomplete.
#
#  Out of Memory Error (os_linux.cpp:2798), pid=5690, tid=139688256214784
#
# JRE version: OpenJDK Runtime Environment (7.0_65-b32) (build 1.7.0_65-b32)
# Java VM: OpenJDK 64-Bit Server VM (24.65-b04 mixed mode linux-amd64 compressed oops)
# Derivative: IcedTea 2.5.3
# Distribution: Ubuntu 14.04 LTS, package 7u71-2.5.3-0ubuntu0.14.04.1
# Failed to write core dump. Core dumps have been disabled. To enable core dumping, try "ulimit -c unlimited" before starting Java again
#

---------------  T H R E A D  ---------------

Current thread (0x00007f0bbc13c800):  VMThread [stack: 0x00007f0bb4d41000,0x00007f0bb4e42000] [id=5751]

Stack: [0x00007f0bb4d41000,0x00007f0bb4e42000],  sp=0x00007f0bb4e40490,  free space=1021k
Native frames: (J=compiled Java code, j=interpreted, Vv=VM code, C=native code)
V  [libjvm.so+0x948b05]  VMError::report_and_die()+0x175
V  [libjvm.so+0x48bc34]  report_vm_out_of_memory(char const*, int, unsigned long, char const*)+0x74
V  [libjvm.so+0x7c7bfb]  os::pd_commit_memory(char*, unsigned long, unsigned long, bool)+0xeb
V  [libjvm.so+0x7c26bf]  os::commit_memory(char*, unsigned long, unsigned long, bool)+0x1f
V  [libjvm.so+0x833e4b]  PSVirtualSpace::expand_by(unsigned long)+0x5b
V  [libjvm.so+0x834ca0]  PSYoungGen::resize_generation(unsigned long, unsigned long)+0xb0
V  [libjvm.so+0x83538b]  PSYoungGen::resize(unsigned long, unsigned long)+0x1b
V  [libjvm.so+0x831670]  PSScavenge::invoke_no_policy()+0xde0
V  [libjvm.so+0x831e48]  PSScavenge::invoke()+0x38
V  [libjvm.so+0x7e8823]  ParallelScavengeHeap::failed_mem_allocate(unsigned long)+0x63
V  [libjvm.so+0x94a504]  VM_ParallelGCFailedAllocation::doit()+0x84
V  [libjvm.so+0x94e9f7]  VM_Operation::evaluate()+0x47
V  [libjvm.so+0x94d368]  VMThread::evaluate_operation(VM_Operation*)+0x318
V  [libjvm.so+0x94d7c9]  VMThread::loop()+0x219
V  [libjvm.so+0x94dc12]  VMThread::run()+0x72
V  [libjvm.so+0x7c4ac2]  java_start(Thread*)+0xf2

VM_Operation (0x00007f0bc3475c30): ParallelGCFailedAllocation, mode: safepoint, requested by thread 0x00007f0bbc00a000


---------------  P R O C E S S  ---------------

Java Threads: ( => current thread )
  0x00007f0bbc177800 JavaThread "Service Thread" daemon [_thread_blocked, id=5772, stack(0x00007f0bb4472000,0x00007f0bb4573000)]
  0x00007f0bbc175000 JavaThread "C2 CompilerThread1" daemon [_thread_blocked, id=5771, stack(0x00007f0bb4573000,0x00007f0bb4674000)]
  0x00007f0bbc172000 JavaThread "C2 CompilerThread0" daemon [_thread_blocked, id=5770, stack(0x00007f0bb4674000,0x00007f0bb4775000)]
  0x00007f0bbc170000 JavaThread "Signal Dispatcher" daemon [_thread_blocked, id=5769, stack(0x00007f0bb4775000,0x00007f0bb4876000)]
  0x00007f0bbc143000 JavaThread "Finalizer" daemon [_thread_blocked, id=5753, stack(0x00007f0bb4b3f000,0x00007f0bb4c40000)]
  0x00007f0bbc141000 JavaThread "Reference Handler" daemon [_thread_blocked, id=5752, stack(0x00007f0bb4c40000,0x00007f0bb4d41000)]
  0x00007f0bbc00a000 JavaThread "main" [_thread_blocked, id=5733, stack(0x00007f0bc3377000,0x00007f0bc3478000)]

Other Threads:
=>0x00007f0bbc13c800 VMThread [stack: 0x00007f0bb4d41000,0x00007f0bb4e42000] [id=5751]
  0x00007f0bbc182000 WatcherThread [stack: 0x00007f0bb4371000,0x00007f0bb4472000] [id=5773]

VM state:at safepoint (normal execution)

VM Mutex/Monitor currently owned by a thread:  ([mutex/lock_event])
[0x00007f0bbc0067a0] Threads_lock - owner thread: 0x00007f0bbc13c800
[0x00007f0bbc006ca0] Heap_lock - owner thread: 0x00007f0bbc00a000

Heap
 PSYoungGen      total 71168K, used 9190K [0x00000000eaa80000, 0x00000000efa80000, 0x0000000100000000)
  eden space 61952K, 0% used [0x00000000eaa80000,0x00000000eaa80000,0x00000000ee700000)
  from space 9216K, 99% used [0x00000000ee700000,0x00000000eeff9998,0x00000000ef000000)
  to   space 7680K, 0% used [0x00000000ef000000,0x00000000ef000000,0x00000000ef780000)
 ParOldGen       total 41472K, used 20219K [0x00000000c0000000, 0x00000000c2880000, 0x00000000eaa80000)
  object space 41472K, 48% used [0x00000000c0000000,0x00000000c13bed68,0x00000000c2880000)
 PSPermGen       total 21504K, used 5924K [0x00000000b5a00000, 0x00000000b6f00000, 0x00000000c0000000)
  object space 21504K, 27% used [0x00000000b5a00000,0x00000000b5fc92f8,0x00000000b6f00000)

Card table byte_map: [0x00007f0bb8ba3000,0x00007f0bb8df7000] byte_map_base: 0x00007f0bb85f6000

Polling page: 0x00007f0bc349e000

Code Cache  [0x00007f0bb8df7000, 0x00007f0bb9067000, 0x00007f0bbbdf7000)
 total_blobs=704 nmethods=476 adapters=181 free_code_cache=47070Kb largest_free_block=48129920

Compilation events (10 events):
Event: 12.561 Thread 0x00007f0bbc172000 nmethod 485 0x00007f0bb8ff1d10 code [0x00007f0bb8ff1e40, 0x00007f0bb8ff1e98]
Event: 12.561 Thread 0x00007f0bbc172000  486             com.android.dx.rop.cst.CstLiteral32::hashCode (5 bytes)
Event: 12.561 Thread 0x00007f0bbc172000 nmethod 486 0x00007f0bb8ff1f10 code [0x00007f0bb8ff2040, 0x00007f0bb8ff2098]
Event: 12.561 Thread 0x00007f0bbc172000  487             com.android.dx.ssa.InterferenceRegisterMapper::addInterfence (62 bytes)
Event: 12.594 Thread 0x00007f0bbc172000 nmethod 487 0x00007f0bb8ffd890 code [0x00007f0bb8ffda80, 0x00007f0bb8ffe738]
Event: 12.594 Thread 0x00007f0bbc172000  488             com.android.dx.rop.code.Insn$BaseVisitor::visitPlainInsn (1 bytes)
Event: 12.594 Thread 0x00007f0bbc172000 nmethod 488 0x00007f0bb8fd2ad0 code [0x00007f0bb8fd2c00, 0x00007f0bb8fd2c58]
Event: 12.594 Thread 0x00007f0bbc172000  489             com.android.dx.dex.code.RopTranslator$LocalVariableAwareTranslationVisitor::visitPlainInsn (11 bytes)
Event: 12.610 Thread 0x00007f0bbc175000 nmethod 450 0x00007f0bb8fff350 code [0x00007f0bb8fffb80, 0x00007f0bb9007598]
Event: 12.610 Thread 0x00007f0bbc175000  490             com.android.dx.dex.code.RopTranslator$TranslationVisitor::visitPlainInsn (161 bytes)

GC Heap History (10 events):
Event: 3.527 GC heap after
Heap after GC invocations=2 (full 0):
 PSYoungGen      total 18432K, used 2533K [0x00000000eaa80000, 0x00000000ece80000, 0x0000000100000000)
  eden space 15872K, 0% used [0x00000000eaa80000,0x00000000eaa80000,0x00000000eba00000)
  from space 2560K, 98% used [0x00000000ebc80000,0x00000000ebef94a0,0x00000000ebf00000)
  to   space 2560K, 0% used [0x00000000eba00000,0x00000000eba00000,0x00000000ebc80000)
 ParOldGen       total 41472K, used 3079K [0x00000000c0000000, 0x00000000c2880000, 0x00000000eaa80000)
  object space 41472K, 7% used [0x00000000c0000000,0x00000000c0301f10,0x00000000c2880000)
 PSPermGen       total 21504K, used 5740K [0x00000000b5a00000, 0x00000000b6f00000, 0x00000000c0000000)
  object space 21504K, 26% used [0x00000000b5a00000,0x00000000b5f9b340,0x00000000b6f00000)
}
Event: 5.206 GC heap before
{Heap before GC invocations=3 (full 0):
 PSYoungGen      total 18432K, used 18405K [0x00000000eaa80000, 0x00000000ece80000, 0x0000000100000000)
  eden space 15872K, 100% used [0x00000000eaa80000,0x00000000eba00000,0x00000000eba00000)
  from space 2560K, 98% used [0x00000000ebc80000,0x00000000ebef94a0,0x00000000ebf00000)
  to   space 2560K, 0% used [0x00000000eba00000,0x00000000eba00000,0x00000000ebc80000)
 ParOldGen       total 41472K, used 3079K [0x00000000c0000000, 0x00000000c2880000, 0x00000000eaa80000)
  object space 41472K, 7% used [0x00000000c0000000,0x00000000c0301f10,0x00000000c2880000)
 PSPermGen       total 21504K, used 5810K [0x00000000b5a00000, 0x00000000b6f00000, 0x00000000c0000000)
  object space 21504K, 27% used [0x00000000b5a00000,0x00000000b5fac9c0,0x00000000b6f00000)
Event: 5.225 GC heap after
Heap after GC invocations=3 (full 0):
 PSYoungGen      total 18432K, used 2550K [0x00000000eaa80000, 0x00000000ece80000, 0x0000000100000000)
  eden space 15872K, 0% used [0x00000000eaa80000,0x00000000eaa80000,0x00000000eba00000)
  from space 2560K, 99% used [0x00000000eba00000,0x00000000ebc7d8f8,0x00000000ebc80000)
  to   space 2560K, 0% used [0x00000000ecc00000,0x00000000ecc00000,0x00000000ece80000)
 ParOldGen       total 41472K, used 5518K [0x00000000c0000000, 0x00000000c2880000, 0x00000000eaa80000)
  object space 41472K, 13% used [0x00000000c0000000,0x00000000c05639e8,0x00000000c2880000)
 PSPermGen       total 21504K, used 5810K [0x00000000b5a00000, 0x00000000b6f00000, 0x00000000c0000000)
  object space 21504K, 27% used [0x00000000b5a00000,0x00000000b5fac9c0,0x00000000b6f00000)
}
Event: 6.682 GC heap before
{Heap before GC invocations=4 (full 0):
 PSYoungGen      total 18432K, used 18422K [0x00000000eaa80000, 0x00000000ece80000, 0x0000000100000000)
  eden space 15872K, 100% used [0x00000000eaa80000,0x00000000eba00000,0x00000000eba00000)
  from space 2560K, 99% used [0x00000000eba00000,0x00000000ebc7d8f8,0x00000000ebc80000)
  to   space 2560K, 0% used [0x00000000ecc00000,0x00000000ecc00000,0x00000000ece80000)
 ParOldGen       total 41472K, used 5518K [0x00000000c0000000, 0x00000000c2880000, 0x00000000eaa80000)
  object space 41472K, 13% used [0x00000000c0000000,0x00000000c05639e8,0x00000000c2880000)
 PSPermGen       total 21504K, used 5838K [0x00000000b5a00000, 0x00000000b6f00000, 0x00000000c0000000)
  object space 21504K, 27% used [0x00000000b5a00000,0x00000000b5fb3a70,0x00000000b6f00000)
Event: 6.713 GC heap after
Heap after GC invocations=4 (full 0):
 PSYoungGen      total 34304K, used 2534K [0x00000000eaa80000, 0x00000000ece80000, 0x0000000100000000)
  eden space 31744K, 0% used [0x00000000eaa80000,0x00000000eaa80000,0x00000000ec980000)
  from space 2560K, 98% used [0x00000000ecc00000,0x00000000ece798e8,0x00000000ece80000)
  to   space 2560K, 0% used [0x00000000ec980000,0x00000000ec980000,0x00000000ecc00000)
 ParOldGen       total 41472K, used 7860K [0x00000000c0000000, 0x00000000c2880000, 0x00000000eaa80000)
  object space 41472K, 18% used [0x00000000c0000000,0x00000000c07ad020,0x00000000c2880000)
 PSPermGen       total 21504K, used 5838K [0x00000000b5a00000, 0x00000000b6f00000, 0x00000000c0000000)
  object space 21504K, 27% used [0x00000000b5a00000,0x00000000b5fb3a70,0x00000000b6f00000)
}
Event: 9.381 GC heap before
{Heap before GC invocations=5 (full 0):
 PSYoungGen      total 34304K, used 34278K [0x00000000eaa80000, 0x00000000ece80000, 0x0000000100000000)
  eden space 31744K, 100% used [0x00000000eaa80000,0x00000000ec980000,0x00000000ec980000)
  from space 2560K, 98% used [0x00000000ecc00000,0x00000000ece798e8,0x00000000ece80000)
  to   space 2560K, 0% used [0x00000000ec980000,0x00000000ec980000,0x00000000ecc00000)
 ParOldGen       total 41472K, used 7860K [0x00000000c0000000, 0x00000000c2880000, 0x00000000eaa80000)
  object space 41472K, 18% used [0x00000000c0000000,0x00000000c07ad020,0x00000000c2880000)
 PSPermGen       total 21504K, used 5863K [0x00000000b5a00000, 0x00000000b6f00000, 0x00000000c0000000)
  object space 21504K, 27% used [0x00000000b5a00000,0x00000000b5fb9eb0,0x00000000b6f00000)
Event: 9.442 GC heap after
Heap after GC invocations=5 (full 0):
 PSYoungGen      total 34304K, used 2551K [0x00000000eaa80000, 0x00000000ef780000, 0x0000000100000000)
  eden space 31744K, 0% used [0x00000000eaa80000,0x00000000eaa80000,0x00000000ec980000)
  from space 2560K, 99% used [0x00000000ec980000,0x00000000ecbfdcb0,0x00000000ecc00000)
  to   space 7680K, 0% used [0x00000000ef000000,0x00000000ef000000,0x00000000ef780000)
 ParOldGen       total 41472K, used 12902K [0x00000000c0000000, 0x00000000c2880000, 0x00000000eaa80000)
  object space 41472K, 31% used [0x00000000c0000000,0x00000000c0c998e8,0x00000000c2880000)
 PSPermGen       total 21504K, used 5863K [0x00000000b5a00000, 0x00000000b6f00000, 0x00000000c0000000)
  object space 21504K, 27% used [0x00000000b5a00000,0x00000000b5fb9eb0,0x00000000b6f00000)
}
Event: 11.101 GC heap before
{Heap before GC invocations=6 (full 0):
 PSYoungGen      total 34304K, used 34295K [0x00000000eaa80000, 0x00000000ef780000, 0x0000000100000000)
  eden space 31744K, 100% used [0x00000000eaa80000,0x00000000ec980000,0x00000000ec980000)
  from space 2560K, 99% used [0x00000000ec980000,0x00000000ecbfdcb0,0x00000000ecc00000)
  to   space 7680K, 0% used [0x00000000ef000000,0x00000000ef000000,0x00000000ef780000)
 ParOldGen       total 41472K, used 12902K [0x00000000c0000000, 0x00000000c2880000, 0x00000000eaa80000)
  object space 41472K, 31% used [0x00000000c0000000,0x00000000c0c998e8,0x00000000c2880000)
 PSPermGen       total 21504K, used 5891K [0x00000000b5a00000, 0x00000000b6f00000, 0x00000000c0000000)
  object space 21504K, 27% used [0x00000000b5a00000,0x00000000b5fc0fe0,0x00000000b6f00000)
Event: 11.136 GC heap after
Heap after GC invocations=6 (full 0):
 PSYoungGen      total 69632K, used 7656K [0x00000000eaa80000, 0x00000000efa80000, 0x0000000100000000)
  eden space 61952K, 0% used [0x00000000eaa80000,0x00000000eaa80000,0x00000000ee700000)
  from space 7680K, 99% used [0x00000000ef000000,0x00000000ef77a078,0x00000000ef780000)
  to   space 9216K, 0% used [0x00000000ee700000,0x00000000ee700000,0x00000000ef000000)
 ParOldGen       total 41472K, used 13288K [0x00000000c0000000, 0x00000000c2880000, 0x00000000eaa80000)
  object space 41472K, 32% used [0x00000000c0000000,0x00000000c0cfa100,0x00000000c2880000)
 PSPermGen       total 21504K, used 5891K [0x00000000b5a00000, 0x00000000b6f00000, 0x00000000c0000000)
  object space 21504K, 27% used [0x00000000b5a00000,0x00000000b5fc0fe0,0x00000000b6f00000)
}
Event: 12.639 GC heap before
{Heap before GC invocations=7 (full 0):
 PSYoungGen      total 69632K, used 69608K [0x00000000eaa80000, 0x00000000efa80000, 0x0000000100000000)
  eden space 61952K, 100% used [0x00000000eaa80000,0x00000000ee700000,0x00000000ee700000)
  from space 7680K, 99% used [0x00000000ef000000,0x00000000ef77a078,0x00000000ef780000)
  to   space 9216K, 0% used [0x00000000ee700000,0x00000000ee700000,0x00000000ef000000)
 ParOldGen       total 41472K, used 13288K [0x00000000c0000000, 0x00000000c2880000, 0x00000000eaa80000)
  object space 41472K, 32% used [0x00000000c0000000,0x00000000c0cfa100,0x00000000c2880000)
 PSPermGen       total 21504K, used 5924K [0x00000000b5a00000, 0x00000000b6f00000, 0x00000000c0000000)
  object space 21504K, 27% used [0x00000000b5a00000,0x00000000b5fc92f8,0x00000000b6f00000)

Deoptimization events (10 events):
Event: 6.774 Thread 0x00007f0bbc00a000 Uncommon trap: reason=bimorphic action=maybe_recompile pc=0x00007f0bb8ec98cc method=java.util.HashMap.put(Ljava/lang/Object;Ljava/lang/Object;)Ljava/lang/Object; @ 83
Event: 6.798 Thread 0x00007f0bbc00a000 Uncommon trap: reason=bimorphic action=maybe_recompile pc=0x00007f0bb8ec98cc method=java.util.HashMap.put(Ljava/lang/Object;Ljava/lang/Object;)Ljava/lang/Object; @ 83
Event: 6.924 Thread 0x00007f0bbc00a000 Uncommon trap: reason=null_check action=make_not_entrant pc=0x00007f0bb8f0ff68 method=com.android.dx.cf.code.Ropper$CatchInfo.getSetup(Lcom/android/dx/rop/type/Type;)Lcom/android/dx/cf/code/Ropper$ExceptionHandlerSetup; @ 10
Event: 11.513 Thread 0x00007f0bbc00a000 Uncommon trap: reason=bimorphic action=maybe_recompile pc=0x00007f0bb8f212c4 method=com.android.dx.cf.code.BytecodeArray.parseInstruction(ILcom/android/dx/cf/code/BytecodeArray$Visitor;)I @ 971
Event: 11.513 Thread 0x00007f0bbc00a000 Uncommon trap: reason=bimorphic action=maybe_recompile pc=0x00007f0bb8f21340 method=com.android.dx.cf.code.BytecodeArray.parseInstruction(ILcom/android/dx/cf/code/BytecodeArray$Visitor;)I @ 987
Event: 11.513 Thread 0x00007f0bbc00a000 Uncommon trap: reason=bimorphic action=maybe_recompile pc=0x00007f0bb8f212c4 method=com.android.dx.cf.code.BytecodeArray.parseInstruction(ILcom/android/dx/cf/code/BytecodeArray$Visitor;)I @ 971
Event: 11.513 Thread 0x00007f0bbc00a000 Uncommon trap: reason=bimorphic action=maybe_recompile pc=0x00007f0bb8f21340 method=com.android.dx.cf.code.BytecodeArray.parseInstruction(ILcom/android/dx/cf/code/BytecodeArray$Visitor;)I @ 987
Event: 11.883 Thread 0x00007f0bbc00a000 Uncommon trap: reason=bimorphic action=maybe_recompile pc=0x00007f0bb8f4fc08 method=com.android.dx.ssa.SCCP.simulatePhi(Lcom/android/dx/ssa/PhiInsn;)V @ 124
Event: 12.344 Thread 0x00007f0bbc00a000 Uncommon trap: reason=unloaded action=reinterpret pc=0x00007f0bb8fbc298 method=com.android.dx.cf.cst.ConstantPoolParser.parse0(ILjava/util/BitSet;)Lcom/android/dx/rop/cst/Constant; @ 220
Event: 12.632 Thread 0x00007f0bbc00a000 Uncommon trap: reason=null_check action=make_not_entrant pc=0x00007f0bb8fee03c method=com.android.dx.dex.file.FieldIdsSection.intern(Lcom/android/dx/rop/cst/CstFieldRef;)Lcom/android/dx/dex/file/FieldIdItem; @ 26

Internal exceptions (10 events):
Event: 3.764 Thread 0x00007f0bbc00a000 Threw 0x00000000eac71f08 at /build/buildd/openjdk-7-7u71-2.5.3/build/openjdk/hotspot/src/share/vm/prims/jvm.cpp:1284
Event: 3.770 Thread 0x00007f0bbc00a000 Threw 0x00000000eac78208 at /build/buildd/openjdk-7-7u71-2.5.3/build/openjdk/hotspot/src/share/vm/prims/jvm.cpp:1284
Event: 3.771 Thread 0x00007f0bbc00a000 Threw 0x00000000eac7e360 at /build/buildd/openjdk-7-7u71-2.5.3/build/openjdk/hotspot/src/share/vm/prims/jvm.cpp:1284
Event: 4.660 Thread 0x00007f0bbc00a000 Threw 0x00000000eb47e030 at /build/buildd/openjdk-7-7u71-2.5.3/build/openjdk/hotspot/src/share/vm/prims/jvm.cpp:1284
Event: 5.607 Thread 0x00007f0bbc00a000 Implicit null exception at 0x00007f0bb8edee23 to 0x00007f0bb8edf54d
Event: 5.913 Thread 0x00007f0bbc00a000 Threw 0x00000000eb0fbee8 at /build/buildd/openjdk-7-7u71-2.5.3/build/openjdk/hotspot/src/share/vm/prims/jvm.cpp:1284
Event: 6.724 Thread 0x00007f0bbc00a000 Threw 0x00000000eaacf3b8 at /build/buildd/openjdk-7-7u71-2.5.3/build/openjdk/hotspot/src/share/vm/prims/jvm.cpp:1284
Event: 6.924 Thread 0x00007f0bbc00a000 Implicit null exception at 0x00007f0bb8f0de8d to 0x00007f0bb8f0ff5d
Event: 8.646 Thread 0x00007f0bbc00a000 Threw 0x00000000ebe107d8 at /build/buildd/openjdk-7-7u71-2.5.3/build/openjdk/hotspot/src/share/vm/prims/jvm.cpp:1284
Event: 12.539 Thread 0x00007f0bbc00a000 Threw 0x00000000edf7b988 at /build/buildd/openjdk-7-7u71-2.5.3/build/openjdk/hotspot/src/share/vm/prims/jvm.cpp:1284

Events (10 events):
Event: 11.883 Thread 0x00007f0bbc00a000 DEOPT UNPACKING pc=0x00007f0bb8e30445 sp=0x00007f0bc3475dd0 mode 2
Event: 12.344 Thread 0x00007f0bbc00a000 Uncommon trap: trap_request=0x000000d2 fr.pc=0x00007f0bb8fbc298
Event: 12.344 Thread 0x00007f0bbc00a000 DEOPT PACKING pc=0x00007f0bb8fbc298 sp=0x00007f0bc3476030
Event: 12.344 Thread 0x00007f0bbc00a000 DEOPT UNPACKING pc=0x00007f0bb8e30445 sp=0x00007f0bc3475ff8 mode 2
Event: 12.539 loading class 0x00007f0bbc1d7d30
Event: 12.539 loading class 0x00007f0bbc1d7d30 done
Event: 12.632 Thread 0x00007f0bbc00a000 Uncommon trap: trap_request=0xfffffff4 fr.pc=0x00007f0bb8fee03c
Event: 12.632 Thread 0x00007f0bbc00a000 DEOPT PACKING pc=0x00007f0bb8fee03c sp=0x00007f0bc3476270
Event: 12.632 Thread 0x00007f0bbc00a000 DEOPT UNPACKING pc=0x00007f0bb8e30445 sp=0x00007f0bc34761c8 mode 2
Event: 12.639 Executing VM operation: ParallelGCFailedAllocation


Dynamic libraries:
00400000-00401000 r-xp 00000000 08:05 395315                             /usr/lib/jvm/java-7-openjdk-amd64/jre/bin/java
00600000-00601000 r--p 00000000 08:05 395315                             /usr/lib/jvm/java-7-openjdk-amd64/jre/bin/java
00601000-00602000 rw-p 00001000 08:05 395315                             /usr/lib/jvm/java-7-openjdk-amd64/jre/bin/java
00f54000-00f75000 rw-p 00000000 00:00 0                                  [heap]
b5a00000-b6f00000 rw-p 00000000 00:00 0 
b6f00000-c0000000 rw-p 00000000 00:00 0 
c0000000-c2880000 rw-p 00000000 00:00 0 
c2880000-eaa80000 rw-p 00000000 00:00 0 
eaa80000-efa80000 rw-p 00000000 00:00 0 
f3e80000-100000000 rw-p 00000000 00:00 0 
7f0b78000000-7f0b78021000 rw-p 00000000 00:00 0 
7f0b78021000-7f0b7c000000 ---p 00000000 00:00 0 
7f0b80000000-7f0b81974000 rw-p 00000000 00:00 0 
7f0b81974000-7f0b84000000 ---p 00000000 00:00 0 
7f0b84000000-7f0b84021000 rw-p 00000000 00:00 0 
7f0b84021000-7f0b88000000 ---p 00000000 00:00 0 
7f0b88000000-7f0b88021000 rw-p 00000000 00:00 0 
7f0b88021000-7f0b8c000000 ---p 00000000 00:00 0 
7f0b8c000000-7f0b8d561000 rw-p 00000000 00:00 0 
7f0b8d561000-7f0b90000000 ---p 00000000 00:00 0 
7f0b90000000-7f0b90021000 rw-p 00000000 00:00 0 
7f0b90021000-7f0b94000000 ---p 00000000 00:00 0 
7f0b94000000-7f0b94021000 rw-p 00000000 00:00 0 
7f0b94021000-7f0b98000000 ---p 00000000 00:00 0 
7f0b98000000-7f0b98021000 rw-p 00000000 00:00 0 
7f0b98021000-7f0b9c000000 ---p 00000000 00:00 0 
7f0b9c000000-7f0b9c240000 rw-p 00000000 00:00 0 
7f0b9c240000-7f0ba0000000 ---p 00000000 00:00 0 
7f0ba0000000-7f0ba0021000 rw-p 00000000 00:00 0 
7f0ba0021000-7f0ba4000000 ---p 00000000 00:00 0 
7f0ba8000000-7f0ba8021000 rw-p 00000000 00:00 0 
7f0ba8021000-7f0bac000000 ---p 00000000 00:00 0 
7f0baea94000-7f0baead1000 r-xp 00000000 08:05 4853385                    /lib/x86_64-linux-gnu/libpcre.so.3.13.1
7f0baead1000-7f0baecd0000 ---p 0003d000 08:05 4853385                    /lib/x86_64-linux-gnu/libpcre.so.3.13.1
7f0baecd0000-7f0baecd1000 r--p 0003c000 08:05 4853385                    /lib/x86_64-linux-gnu/libpcre.so.3.13.1
7f0baecd1000-7f0baecd2000 rw-p 0003d000 08:05 4853385                    /lib/x86_64-linux-gnu/libpcre.so.3.13.1
7f0baecd2000-7f0baecd9000 r-xp 00000000 08:05 276956                     /usr/lib/x86_64-linux-gnu/libffi.so.6.0.1
7f0baecd9000-7f0baeed8000 ---p 00007000 08:05 276956                     /usr/lib/x86_64-linux-gnu/libffi.so.6.0.1
7f0baeed8000-7f0baeed9000 r--p 00006000 08:05 276956                     /usr/lib/x86_64-linux-gnu/libffi.so.6.0.1
7f0baeed9000-7f0baeeda000 rw-p 00007000 08:05 276956                     /usr/lib/x86_64-linux-gnu/libffi.so.6.0.1
7f0baeeda000-7f0baeef1000 r-xp 00000000 08:05 4858088                    /lib/x86_64-linux-gnu/libresolv-2.19.so
7f0baeef1000-7f0baf0f1000 ---p 00017000 08:05 4858088                    /lib/x86_64-linux-gnu/libresolv-2.19.so
7f0baf0f1000-7f0baf0f2000 r--p 00017000 08:05 4858088                    /lib/x86_64-linux-gnu/libresolv-2.19.so
7f0baf0f2000-7f0baf0f3000 rw-p 00018000 08:05 4858088                    /lib/x86_64-linux-gnu/libresolv-2.19.so
7f0baf0f3000-7f0baf0f5000 rw-p 00000000 00:00 0 
7f0baf0f5000-7f0baf115000 r-xp 00000000 08:05 4850546                    /lib/x86_64-linux-gnu/libselinux.so.1
7f0baf115000-7f0baf314000 ---p 00020000 08:05 4850546                    /lib/x86_64-linux-gnu/libselinux.so.1
7f0baf314000-7f0baf315000 r--p 0001f000 08:05 4850546                    /lib/x86_64-linux-gnu/libselinux.so.1
7f0baf315000-7f0baf316000 rw-p 00020000 08:05 4850546                    /lib/x86_64-linux-gnu/libselinux.so.1
7f0baf316000-7f0baf318000 rw-p 00000000 00:00 0 
7f0baf318000-7f0baf31b000 r-xp 00000000 08:05 262393                     /usr/lib/x86_64-linux-gnu/libgmodule-2.0.so.0.4002.0
7f0baf31b000-7f0baf51a000 ---p 00003000 08:05 262393                     /usr/lib/x86_64-linux-gnu/libgmodule-2.0.so.0.4002.0
7f0baf51a000-7f0baf51b000 r--p 00002000 08:05 262393                     /usr/lib/x86_64-linux-gnu/libgmodule-2.0.so.0.4002.0
7f0baf51b000-7f0baf51c000 rw-p 00003000 08:05 262393                     /usr/lib/x86_64-linux-gnu/libgmodule-2.0.so.0.4002.0
7f0baf51c000-7f0baf622000 r-xp 00000000 08:05 4849708                    /lib/x86_64-linux-gnu/libglib-2.0.so.0.4002.0
7f0baf622000-7f0baf821000 ---p 00106000 08:05 4849708                    /lib/x86_64-linux-gnu/libglib-2.0.so.0.4002.0
7f0baf821000-7f0baf822000 r--p 00105000 08:05 4849708                    /lib/x86_64-linux-gnu/libglib-2.0.so.0.4002.0
7f0baf822000-7f0baf823000 rw-p 00106000 08:05 4849708                    /lib/x86_64-linux-gnu/libglib-2.0.so.0.4002.0
7f0baf823000-7f0baf824000 rw-p 00000000 00:00 0 
7f0baf824000-7f0baf873000 r-xp 00000000 08:05 262431                     /usr/lib/x86_64-linux-gnu/libgobject-2.0.so.0.4002.0
7f0baf873000-7f0bafa73000 ---p 0004f000 08:05 262431                     /usr/lib/x86_64-linux-gnu/libgobject-2.0.so.0.4002.0
7f0bafa73000-7f0bafa74000 r--p 0004f000 08:05 262431                     /usr/lib/x86_64-linux-gnu/libgobject-2.0.so.0.4002.0
7f0bafa74000-7f0bafa75000 rw-p 00050000 08:05 262431                     /usr/lib/x86_64-linux-gnu/libgobject-2.0.so.0.4002.0
7f0bafa75000-7f0bafbe1000 r-xp 00000000 08:05 262742                     /usr/lib/x86_64-linux-gnu/libgio-2.0.so.0.4002.0
7f0bafbe1000-7f0bafde0000 ---p 0016c000 08:05 262742                     /usr/lib/x86_64-linux-gnu/libgio-2.0.so.0.4002.0
7f0bafde0000-7f0bafde4000 r--p 0016b000 08:05 262742                     /usr/lib/x86_64-linux-gnu/libgio-2.0.so.0.4002.0
7f0bafde4000-7f0bafde6000 rw-p 0016f000 08:05 262742                     /usr/lib/x86_64-linux-gnu/libgio-2.0.so.0.4002.0
7f0bafde6000-7f0bafde8000 rw-p 00000000 00:00 0 
7f0bafde8000-7f0bafdff000 r-xp 00000000 08:05 394869                     /usr/lib/jvm/java-7-openjdk-amd64/jre/lib/amd64/libnet.so
7f0bafdff000-7f0bafffe000 ---p 00017000 08:05 394869                     /usr/lib/jvm/java-7-openjdk-amd64/jre/lib/amd64/libnet.so
7f0bafffe000-7f0baffff000 r--p 00016000 08:05 394869                     /usr/lib/jvm/java-7-openjdk-amd64/jre/lib/amd64/libnet.so
7f0baffff000-7f0bb0000000 rw-p 00017000 08:05 394869                     /usr/lib/jvm/java-7-openjdk-amd64/jre/lib/amd64/libnet.so
7f0bb0000000-7f0bb0021000 rw-p 00000000 00:00 0 
7f0bb0021000-7f0bb4000000 ---p 00000000 00:00 0 
7f0bb415f000-7f0bb416f000 r-xp 00000000 08:05 395032                     /usr/lib/jvm/java-7-openjdk-amd64/jre/lib/amd64/libnio.so
7f0bb416f000-7f0bb436f000 ---p 00010000 08:05 395032                     /usr/lib/jvm/java-7-openjdk-amd64/jre/lib/amd64/libnio.so
7f0bb436f000-7f0bb4370000 r--p 00010000 08:05 395032                     /usr/lib/jvm/java-7-openjdk-amd64/jre/lib/amd64/libnio.so
7f0bb4370000-7f0bb4371000 rw-p 00011000 08:05 395032                     /usr/lib/jvm/java-7-openjdk-amd64/jre/lib/amd64/libnio.so
7f0bb4371000-7f0bb4372000 ---p 00000000 00:00 0 
7f0bb4372000-7f0bb4472000 rw-p 00000000 00:00 0                          [stack:5773]
7f0bb4472000-7f0bb4475000 ---p 00000000 00:00 0 
7f0bb4475000-7f0bb4573000 rw-p 00000000 00:00 0                          [stack:5772]
7f0bb4573000-7f0bb4576000 ---p 00000000 00:00 0 
7f0bb4576000-7f0bb4674000 rw-p 00000000 00:00 0                          [stack:5771]
7f0bb4674000-7f0bb4677000 ---p 00000000 00:00 0 
7f0bb4677000-7f0bb4775000 rw-p 00000000 00:00 0                          [stack:5770]
7f0bb4775000-7f0bb4778000 ---p 00000000 00:00 0 
7f0bb4778000-7f0bb4876000 rw-p 00000000 00:00 0                          [stack:5769]
7f0bb4876000-7f0bb4b3f000 r--p 00000000 08:05 265247                     /usr/lib/locale/locale-archive
7f0bb4b3f000-7f0bb4b42000 ---p 00000000 00:00 0 
7f0bb4b42000-7f0bb4c40000 rw-p 00000000 00:00 0                          [stack:5753]
7f0bb4c40000-7f0bb4c43000 ---p 00000000 00:00 0 
7f0bb4c43000-7f0bb4d41000 rw-p 00000000 00:00 0                          [stack:5752]
7f0bb4d41000-7f0bb4d42000 ---p 00000000 00:00 0 
7f0bb4d42000-7f0bb5d9a000 rw-p 00000000 00:00 0                          [stack:5751]
7f0bb5d9a000-7f0bb5f4b000 r--s 01d25000 08:05 395154                     /usr/lib/jvm/java-7-openjdk-amd64/jre/lib/rt.jar
7f0bb5f4b000-7f0bb879f000 rw-p 00000000 00:00 0 
7f0bb879f000-7f0bb87a0000 ---p 00000000 00:00 0 
7f0bb87a0000-7f0bb88a0000 rw-p 00000000 00:00 0                          [stack:5741]
7f0bb88a0000-7f0bb88a1000 ---p 00000000 00:00 0 
7f0bb88a1000-7f0bb89a1000 rw-p 00000000 00:00 0                          [stack:5740]
7f0bb89a1000-7f0bb89a2000 ---p 00000000 00:00 0 
7f0bb89a2000-7f0bb8aa2000 rw-p 00000000 00:00 0                          [stack:5739]
7f0bb8aa2000-7f0bb8aa3000 ---p 00000000 00:00 0 
7f0bb8aa3000-7f0bb8bae000 rw-p 00000000 00:00 0                          [stack:5738]
7f0bb8bae000-7f0bb8bf6000 rw-p 00000000 00:00 0 
7f0bb8bf6000-7f0bb8c0b000 rw-p 00000000 00:00 0 
7f0bb8c0b000-7f0bb8d4b000 rw-p 00000000 00:00 0 
7f0bb8d4b000-7f0bb8d74000 rw-p 00000000 00:00 0 
7f0bb8d74000-7f0bb8df6000 rw-p 00000000 00:00 0 
7f0bb8df6000-7f0bb8df7000 rw-p 00000000 00:00 0 
7f0bb8df7000-7f0bb9067000 rwxp 00000000 00:00 0 
7f0bb9067000-7f0bbbdf7000 rw-p 00000000 00:00 0 
7f0bbbdf7000-7f0bbbdff000 r-xp 00000000 08:05 394855                     /usr/lib/jvm/java-7-openjdk-amd64/jre/lib/amd64/libzip.so
7f0bbbdff000-7f0bbbffe000 ---p 00008000 08:05 394855                     /usr/lib/jvm/java-7-openjdk-amd64/jre/lib/amd64/libzip.so
7f0bbbffe000-7f0bbbfff000 r--p 00007000 08:05 394855                     /usr/lib/jvm/java-7-openjdk-amd64/jre/lib/amd64/libzip.so
7f0bbbfff000-7f0bbc000000 rw-p 00008000 08:05 394855                     /usr/lib/jvm/java-7-openjdk-amd64/jre/lib/amd64/libzip.so
7f0bbc000000-7f0bbc316000 rw-p 00000000 00:00 0 
7f0bbc316000-7f0bc0000000 ---p 00000000 00:00 0 
7f0bc000c000-7f0bc0015000 r--s 00073000 08:05 2361526                    /home/vishal/AndroidStudioProjects/VolleyCustomListView/app/build/intermediates/exploded-aar/com.android.support/appcompat-v7/21.0.3/classes.jar
7f0bc0015000-7f0bc0024000 r--s 000dd000 08:05 2228279                    /home/vishal/Development/adt-bundle-linux-x86_64-20131030/sdk/build-tools/21.1.2/lib/dx.jar
7f0bc0024000-7f0bc002f000 rw-p 00000000 00:00 0 
7f0bc002f000-7f0bc0077000 rw-p 00000000 00:00 0 
7f0bc0077000-7f0bc008c000 rw-p 00000000 00:00 0 
7f0bc008c000-7f0bc01cd000 rw-p 00000000 00:00 0 
7f0bc01cd000-7f0bc01d8000 r-xp 00000000 08:05 4858093                    /lib/x86_64-linux-gnu/libnss_files-2.19.so
7f0bc01d8000-7f0bc03d7000 ---p 0000b000 08:05 4858093                    /lib/x86_64-linux-gnu/libnss_files-2.19.so
7f0bc03d7000-7f0bc03d8000 r--p 0000a000 08:05 4858093                    /lib/x86_64-linux-gnu/libnss_files-2.19.so
7f0bc03d8000-7f0bc03d9000 rw-p 0000b000 08:05 4858093                    /lib/x86_64-linux-gnu/libnss_files-2.19.so
7f0bc03d9000-7f0bc03e4000 r-xp 00000000 08:05 4858090                    /lib/x86_64-linux-gnu/libnss_nis-2.19.so
7f0bc03e4000-7f0bc05e3000 ---p 0000b000 08:05 4858090                    /lib/x86_64-linux-gnu/libnss_nis-2.19.so
7f0bc05e3000-7f0bc05e4000 r--p 0000a000 08:05 4858090                    /lib/x86_64-linux-gnu/libnss_nis-2.19.so
7f0bc05e4000-7f0bc05e5000 rw-p 0000b000 08:05 4858090                    /lib/x86_64-linux-gnu/libnss_nis-2.19.so
7f0bc05e5000-7f0bc05fc000 r-xp 00000000 08:05 4858082                    /lib/x86_64-linux-gnu/libnsl-2.19.so
7f0bc05fc000-7f0bc07fb000 ---p 00017000 08:05 4858082                    /lib/x86_64-linux-gnu/libnsl-2.19.so
7f0bc07fb000-7f0bc07fc000 r--p 00016000 08:05 4858082                    /lib/x86_64-linux-gnu/libnsl-2.19.so
7f0bc07fc000-7f0bc07fd000 rw-p 00017000 08:05 4858082                    /lib/x86_64-linux-gnu/libnsl-2.19.so
7f0bc07fd000-7f0bc07ff000 rw-p 00000000 00:00 0 
7f0bc07ff000-7f0bc0808000 r-xp 00000000 08:05 4858079                    /lib/x86_64-linux-gnu/libnss_compat-2.19.so
7f0bc0808000-7f0bc0a07000 ---p 00009000 08:05 4858079                    /lib/x86_64-linux-gnu/libnss_compat-2.19.so
7f0bc0a07000-7f0bc0a08000 r--p 00008000 08:05 4858079                    /lib/x86_64-linux-gnu/libnss_compat-2.19.so
7f0bc0a08000-7f0bc0a09000 rw-p 00009000 08:05 4858079                    /lib/x86_64-linux-gnu/libnss_compat-2.19.so
7f0bc0a09000-7f0bc0a34000 r-xp 00000000 08:05 394867                     /usr/lib/jvm/java-7-openjdk-amd64/jre/lib/amd64/libjava.so
7f0bc0a34000-7f0bc0c33000 ---p 0002b000 08:05 394867                     /usr/lib/jvm/java-7-openjdk-amd64/jre/lib/amd64/libjava.so
7f0bc0c33000-7f0bc0c34000 r--p 0002a000 08:05 394867                     /usr/lib/jvm/java-7-openjdk-amd64/jre/lib/amd64/libjava.so
7f0bc0c34000-7f0bc0c36000 rw-p 0002b000 08:05 394867                     /usr/lib/jvm/java-7-openjdk-amd64/jre/lib/amd64/libjava.so
7f0bc0c36000-7f0bc0c46000 r-xp 00000000 08:05 395031                     /usr/lib/jvm/java-7-openjdk-amd64/jre/lib/amd64/libverify.so
7f0bc0c46000-7f0bc0e45000 ---p 00010000 08:05 395031                     /usr/lib/jvm/java-7-openjdk-amd64/jre/lib/amd64/libverify.so
7f0bc0e45000-7f0bc0e47000 r--p 0000f000 08:05 395031                     /usr/lib/jvm/java-7-openjdk-amd64/jre/lib/amd64/libverify.so
7f0bc0e47000-7f0bc0e48000 rw-p 00011000 08:05 395031                     /usr/lib/jvm/java-7-openjdk-amd64/jre/lib/amd64/libverify.so
7f0bc0e48000-7f0bc0e4f000 r-xp 00000000 08:05 4858074                    /lib/x86_64-linux-gnu/librt-2.19.so
7f0bc0e4f000-7f0bc104e000 ---p 00007000 08:05 4858074                    /lib/x86_64-linux-gnu/librt-2.19.so
7f0bc104e000-7f0bc104f000 r--p 00006000 08:05 4858074                    /lib/x86_64-linux-gnu/librt-2.19.so
7f0bc104f000-7f0bc1050000 rw-p 00007000 08:05 4858074                    /lib/x86_64-linux-gnu/librt-2.19.so
7f0bc1050000-7f0bc1066000 r-xp 00000000 08:05 4850543                    /lib/x86_64-linux-gnu/libgcc_s.so.1
7f0bc1066000-7f0bc1265000 ---p 00016000 08:05 4850543                    /lib/x86_64-linux-gnu/libgcc_s.so.1
7f0bc1265000-7f0bc1266000 rw-p 00015000 08:05 4850543                    /lib/x86_64-linux-gnu/libgcc_s.so.1
7f0bc1266000-7f0bc136b000 r-xp 00000000 08:05 4858081                    /lib/x86_64-linux-gnu/libm-2.19.so
7f0bc136b000-7f0bc156a000 ---p 00105000 08:05 4858081                    /lib/x86_64-linux-gnu/libm-2.19.so
7f0bc156a000-7f0bc156b000 r--p 00104000 08:05 4858081                    /lib/x86_64-linux-gnu/libm-2.19.so
7f0bc156b000-7f0bc156c000 rw-p 00105000 08:05 4858081                    /lib/x86_64-linux-gnu/libm-2.19.so
7f0bc156c000-7f0bc1652000 r-xp 00000000 08:05 278335                     /usr/lib/x86_64-linux-gnu/libstdc++.so.6.0.19
7f0bc1652000-7f0bc1851000 ---p 000e6000 08:05 278335                     /usr/lib/x86_64-linux-gnu/libstdc++.so.6.0.19
7f0bc1851000-7f0bc1859000 r--p 000e5000 08:05 278335                     /usr/lib/x86_64-linux-gnu/libstdc++.so.6.0.19
7f0bc1859000-7f0bc185b000 rw-p 000ed000 08:05 278335                     /usr/lib/x86_64-linux-gnu/libstdc++.so.6.0.19
7f0bc185b000-7f0bc1870000 rw-p 00000000 00:00 0 
7f0bc1870000-7f0bc2386000 r-xp 00000000 08:05 395087                     /usr/lib/jvm/java-7-openjdk-amd64/jre/lib/amd64/server/libjvm.so
7f0bc2386000-7f0bc2585000 ---p 00b16000 08:05 395087                     /usr/lib/jvm/java-7-openjdk-amd64/jre/lib/amd64/server/libjvm.so
7f0bc2585000-7f0bc261f000 r--p 00b15000 08:05 395087                     /usr/lib/jvm/java-7-openjdk-amd64/jre/lib/amd64/server/libjvm.so
7f0bc261f000-7f0bc2642000 rw-p 00baf000 08:05 395087                     /usr/lib/jvm/java-7-openjdk-amd64/jre/lib/amd64/server/libjvm.so
7f0bc2642000-7f0bc2670000 rw-p 00000000 00:00 0 
7f0bc2670000-7f0bc2688000 r-xp 00000000 08:05 4856500                    /lib/x86_64-linux-gnu/libz.so.1.2.8
7f0bc2688000-7f0bc2887000 ---p 00018000 08:05 4856500                    /lib/x86_64-linux-gnu/libz.so.1.2.8
7f0bc2887000-7f0bc2888000 r--p 00017000 08:05 4856500                    /lib/x86_64-linux-gnu/libz.so.1.2.8
7f0bc2888000-7f0bc2889000 rw-p 00018000 08:05 4856500                    /lib/x86_64-linux-gnu/libz.so.1.2.8
7f0bc2889000-7f0bc28a2000 r-xp 00000000 08:05 4858092                    /lib/x86_64-linux-gnu/libpthread-2.19.so
7f0bc28a2000-7f0bc2aa1000 ---p 00019000 08:05 4858092                    /lib/x86_64-linux-gnu/libpthread-2.19.so
7f0bc2aa1000-7f0bc2aa2000 r--p 00018000 08:05 4858092                    /lib/x86_64-linux-gnu/libpthread-2.19.so
7f0bc2aa2000-7f0bc2aa3000 rw-p 00019000 08:05 4858092                    /lib/x86_64-linux-gnu/libpthread-2.19.so
7f0bc2aa3000-7f0bc2aa7000 rw-p 00000000 00:00 0 
7f0bc2aa7000-7f0bc2aaa000 r-xp 00000000 08:05 4858077                    /lib/x86_64-linux-gnu/libdl-2.19.so
7f0bc2aaa000-7f0bc2ca9000 ---p 00003000 08:05 4858077                    /lib/x86_64-linux-gnu/libdl-2.19.so
7f0bc2ca9000-7f0bc2caa000 r--p 00002000 08:05 4858077                    /lib/x86_64-linux-gnu/libdl-2.19.so
7f0bc2caa000-7f0bc2cab000 rw-p 00003000 08:05 4858077                    /lib/x86_64-linux-gnu/libdl-2.19.so
7f0bc2cab000-7f0bc2e66000 r-xp 00000000 08:05 4858073                    /lib/x86_64-linux-gnu/libc-2.19.so
7f0bc2e66000-7f0bc3066000 ---p 001bb000 08:05 4858073                    /lib/x86_64-linux-gnu/libc-2.19.so
7f0bc3066000-7f0bc306a000 r--p 001bb000 08:05 4858073                    /lib/x86_64-linux-gnu/libc-2.19.so
7f0bc306a000-7f0bc306c000 rw-p 001bf000 08:05 4858073                    /lib/x86_64-linux-gnu/libc-2.19.so
7f0bc306c000-7f0bc3071000 rw-p 00000000 00:00 0 
7f0bc3071000-7f0bc307e000 r-xp 00000000 08:05 394863                     /usr/lib/jvm/java-7-openjdk-amd64/jre/lib/amd64/jli/libjli.so
7f0bc307e000-7f0bc327d000 ---p 0000d000 08:05 394863                     /usr/lib/jvm/java-7-openjdk-amd64/jre/lib/amd64/jli/libjli.so
7f0bc327d000-7f0bc327e000 r--p 0000c000 08:05 394863                     /usr/lib/jvm/java-7-openjdk-amd64/jre/lib/amd64/jli/libjli.so
7f0bc327e000-7f0bc327f000 rw-p 0000d000 08:05 394863                     /usr/lib/jvm/java-7-openjdk-amd64/jre/lib/amd64/jli/libjli.so
7f0bc327f000-7f0bc32a2000 r-xp 00000000 08:05 4858071                    /lib/x86_64-linux-gnu/ld-2.19.so
7f0bc32a2000-7f0bc32a3000 rw-p 00000000 00:00 0 
7f0bc32a3000-7f0bc32a4000 r--s 00002000 08:05 395153                     /usr/lib/jvm/java-7-openjdk-amd64/jre/lib/ext/dnsns.jar
7f0bc32a4000-7f0bc32a8000 r--s 0003c000 08:05 395150                     /usr/lib/jvm/java-7-openjdk-amd64/jre/lib/ext/sunpkcs11.jar
7f0bc32a8000-7f0bc32ac000 r--s 00034000 08:05 395152                     /usr/lib/jvm/java-7-openjdk-amd64/jre/lib/ext/sunjce_provider.jar
7f0bc32ac000-7f0bc32af000 r--s 0000f000 08:05 395148                     /usr/lib/jvm/java-7-openjdk-amd64/jre/lib/ext/icedtea-sound.jar
7f0bc32af000-7f0bc32b1000 r--s 00006000 08:05 527500                     /usr/share/java/java-atk-wrapper.jar
7f0bc32b1000-7f0bc32b3000 r--s 00012000 08:05 395149                     /usr/lib/jvm/java-7-openjdk-amd64/jre/lib/ext/zipfs.jar
7f0bc32b3000-7f0bc32b7000 r--s 00085000 08:05 395151                     /usr/lib/jvm/java-7-openjdk-amd64/jre/lib/ext/localedata.jar
7f0bc32b7000-7f0bc32c1000 rw-p 00000000 00:00 0 
7f0bc32c1000-7f0bc3377000 rw-p 00000000 00:00 0 
7f0bc3377000-7f0bc337a000 ---p 00000000 00:00 0 
7f0bc337a000-7f0bc3495000 rw-p 00000000 00:00 0                          [stack:5733]
7f0bc3495000-7f0bc349d000 rw-s 00000000 08:05 131233                     /tmp/hsperfdata_vishal/5690
7f0bc349d000-7f0bc349e000 rw-p 00000000 00:00 0 
7f0bc349e000-7f0bc349f000 ---p 00000000 00:00 0 
7f0bc349f000-7f0bc34a1000 rw-p 00000000 00:00 0 
7f0bc34a1000-7f0bc34a2000 r--p 00022000 08:05 4858071                    /lib/x86_64-linux-gnu/ld-2.19.so
7f0bc34a2000-7f0bc34a3000 rw-p 00023000 08:05 4858071                    /lib/x86_64-linux-gnu/ld-2.19.so
7f0bc34a3000-7f0bc34a4000 rw-p 00000000 00:00 0 
7fff96942000-7fff96963000 rw-p 00000000 00:00 0                          [stack]
7fff969fe000-7fff96a00000 r-xp 00000000 00:00 0                          [vdso]
ffffffffff600000-ffffffffff601000 r-xp 00000000 00:00 0                  [vsyscall]

VM Arguments:
jvm_args: -Xmx1024M 
java_command: /home/vishal/Development/adt-bundle-linux-x86_64-20131030/sdk/build-tools/21.1.2/lib/dx.jar --dex --output /home/vishal/AndroidStudioProjects/VolleyCustomListView/app/build/intermediates/pre-dexed/debug/classes-eacc4f3cc38d089b9777657f37f724bb86515340.jar /home/vishal/AndroidStudioProjects/VolleyCustomListView/app/build/intermediates/exploded-aar/com.android.support/appcompat-v7/21.0.3/classes.jar
Launcher Type: SUN_STANDARD

Environment Variables:
CLASSPATH=./../lib/bootstrap.jar:./../lib/extensions.jar:./../lib/util.jar:./../lib/jdom.jar:./../lib/log4j.jar:./../lib/trove4j.jar:./../lib/jna.jar:/usr/lib/jvm/java-7-openjdk-amd64/lib/tools.jar
PATH=/usr/local/sbin:/usr/local/bin:/usr/sbin:/usr/bin:/sbin:/bin:/usr/games:/usr/local/games
LD_LIBRARY_PATH=.:
SHELL=/bin/bash
DISPLAY=:0

Signal Handlers:
SIGSEGV: [libjvm.so+0x9495e0], sa_mask[0]=0x7ffbfeff, sa_flags=0x10000004
SIGBUS: [libjvm.so+0x9495e0], sa_mask[0]=0x7ffbfeff, sa_flags=0x10000004
SIGFPE: [libjvm.so+0x7c3410], sa_mask[0]=0x7ffbfeff, sa_flags=0x10000004
SIGPIPE: [libjvm.so+0x7c3410], sa_mask[0]=0x7ffbfeff, sa_flags=0x10000004
SIGXFSZ: [libjvm.so+0x7c3410], sa_mask[0]=0x7ffbfeff, sa_flags=0x10000004
SIGILL: [libjvm.so+0x7c3410], sa_mask[0]=0x7ffbfeff, sa_flags=0x10000004
SIGUSR1: SIG_DFL, sa_mask[0]=0x00000000, sa_flags=0x00000000
SIGUSR2: [libjvm.so+0x7c32b0], sa_mask[0]=0x00000004, sa_flags=0x10000004
SIGHUP: [libjvm.so+0x7c3490], sa_mask[0]=0x7ffbfeff, sa_flags=0x10000004
SIGINT: [libjvm.so+0x7c3490], sa_mask[0]=0x7ffbfeff, sa_flags=0x10000004
SIGTERM: [libjvm.so+0x7c3490], sa_mask[0]=0x7ffbfeff, sa_flags=0x10000004
SIGQUIT: [libjvm.so+0x7c3490], sa_mask[0]=0x7ffbfeff, sa_flags=0x10000004
SIGTRAP: SIG_DFL, sa_mask[0]=0x00000000, sa_flags=0x00000000


---------------  S Y S T E M  ---------------

OS:Ubuntu 14.04 (trusty)
uname:Linux 3.13.0-44-generic #73-Ubuntu SMP Tue Dec 16 00:22:43 UTC 2014 x86_64
libc:glibc 2.19 NPTL 2.19 
rlimit: STACK 8192k, CORE 0k, NPROC 30970, NOFILE 4096, AS infinity
load average:2.84 1.30 0.76

/proc/meminfo:
MemTotal:        3994068 kB
MemFree:          101464 kB
Buffers:             380 kB
Cached:           381400 kB
SwapCached:            0 kB
Active:          3331540 kB
Inactive:         358692 kB
Active(anon):    3314464 kB
Inactive(anon):   344624 kB
Active(file):      17076 kB
Inactive(file):    14068 kB
Unevictable:        5812 kB
Mlocked:            5812 kB
SwapTotal:             0 kB
SwapFree:              0 kB
Dirty:               272 kB
Writeback:             0 kB
AnonPages:       3314816 kB
Mapped:           126976 kB
Shmem:            346544 kB
Slab:              69876 kB
SReclaimable:      31692 kB
SUnreclaim:        38184 kB
KernelStack:        6128 kB
PageTables:        49884 kB
NFS_Unstable:          0 kB
Bounce:                0 kB
WritebackTmp:          0 kB
CommitLimit:     1997032 kB
Committed_AS:    9034592 kB
VmallocTotal:   34359738367 kB
VmallocUsed:      556644 kB
VmallocChunk:   34359173596 kB
HardwareCorrupted:     0 kB
AnonHugePages:   1638400 kB
HugePages_Total:       0
HugePages_Free:        0
HugePages_Rsvd:        0
HugePages_Surp:        0
Hugepagesize:       2048 kB
DirectMap4k:       80128 kB
DirectMap2M:     4061184 kB


CPU:total 4 (2 cores per cpu, 2 threads per core) family 6 model 42 stepping 7, cmov, cx8, fxsr, mmx, sse, sse2, sse3, ssse3, sse4.1, sse4.2, popcnt, avx, aes, ht, tsc, tscinvbit

/proc/cpuinfo:
processor	: 0
vendor_id	: GenuineIntel
cpu family	: 6
model		: 42
model name	: Intel(R) Core(TM) i5-2410M CPU @ 2.30GHz
stepping	: 7
microcode	: 0x1a
cpu MHz		: 2301.000
cache size	: 3072 KB
physical id	: 0
siblings	: 4
core id		: 0
cpu cores	: 2
apicid		: 0
initial apicid	: 0
fpu		: yes
fpu_exception	: yes
cpuid level	: 13
wp		: yes
flags		: fpu vme de pse tsc msr pae mce cx8 apic sep mtrr pge mca cmov pat pse36 clflush dts acpi mmx fxsr sse sse2 ss ht tm pbe syscall nx rdtscp lm constant_tsc arch_perfmon pebs bts rep_good nopl xtopology nonstop_tsc aperfmperf eagerfpu pni pclmulqdq dtes64 monitor ds_cpl vmx est tm2 ssse3 cx16 xtpr pdcm pcid sse4_1 sse4_2 x2apic popcnt tsc_deadline_timer aes xsave avx lahf_lm ida arat epb xsaveopt pln pts dtherm tpr_shadow vnmi flexpriority ept vpid
bogomips	: 4589.66
clflush size	: 64
cache_alignment	: 64
address sizes	: 36 bits physical, 48 bits virtual
power management:

processor	: 1
vendor_id	: GenuineIntel
cpu family	: 6
model		: 42
model name	: Intel(R) Core(TM) i5-2410M CPU @ 2.30GHz
stepping	: 7
microcode	: 0x1a
cpu MHz		: 1000.000
cache size	: 3072 KB
physical id	: 0
siblings	: 4
core id		: 0
cpu cores	: 2
apicid		: 1
initial apicid	: 1
fpu		: yes
fpu_exception	: yes
cpuid level	: 13
wp		: yes
flags		: fpu vme de pse tsc msr pae mce cx8 apic sep mtrr pge mca cmov pat pse36 clflush dts acpi mmx fxsr sse sse2 ss ht tm pbe syscall nx rdtscp lm constant_tsc arch_perfmon pebs bts rep_good nopl xtopology nonstop_tsc aperfmperf eagerfpu pni pclmulqdq dtes64 monitor ds_cpl vmx est tm2 ssse3 cx16 xtpr pdcm pcid sse4_1 sse4_2 x2apic popcnt tsc_deadline_timer aes xsave avx lahf_lm ida arat epb xsaveopt pln pts dtherm tpr_shadow vnmi flexpriority ept vpid
bogomips	: 4589.66
clflush size	: 64
cache_alignment	: 64
address sizes	: 36 bits physical, 48 bits virtual
power management:

processor	: 2
vendor_id	: GenuineIntel
cpu family	: 6
model		: 42
model name	: Intel(R) Core(TM) i5-2410M CPU @ 2.30GHz
stepping	: 7
microcode	: 0x1a
cpu MHz		: 2301.000
cache size	: 3072 KB
physical id	: 0
siblings	: 4
core id		: 1
cpu cores	: 2
apicid		: 2
initial apicid	: 2
fpu		: yes
fpu_exception	: yes
cpuid level	: 13
wp		: yes
flags		: fpu vme de pse tsc msr pae mce cx8 apic sep mtrr pge mca cmov pat pse36 clflush dts acpi mmx fxsr sse sse2 ss ht tm pbe syscall nx rdtscp lm constant_tsc arch_perfmon pebs bts rep_good nopl xtopology nonstop_tsc aperfmperf eagerfpu pni pclmulqdq dtes64 monitor ds_cpl vmx est tm2 ssse3 cx16 xtpr pdcm pcid sse4_1 sse4_2 x2apic popcnt tsc_deadline_timer aes xsave avx lahf_lm ida arat epb xsaveopt pln pts dtherm tpr_shadow vnmi flexpriority ept vpid
bogomips	: 4589.66
clflush size	: 64
cache_alignment	: 64
address sizes	: 36 bits physical, 48 bits virtual
power management:

processor	: 3
vendor_id	: GenuineIntel
cpu family	: 6
model		: 42
model name	: Intel(R) Core(TM) i5-2410M CPU @ 2.30GHz
stepping	: 7
microcode	: 0x1a
cpu MHz		: 2301.000
cache size	: 3072 KB
physical id	: 0
siblings	: 4
core id		: 1
cpu cores	: 2
apicid		: 3
initial apicid	: 3
fpu		: yes
fpu_exception	: yes
cpuid level	: 13
wp		: yes
flags		: fpu vme de pse tsc msr pae mce cx8 apic sep mtrr pge mca cmov pat pse36 clflush dts acpi mmx fxsr sse sse2 ss ht tm pbe syscall nx rdtscp lm constant_tsc arch_perfmon pebs bts rep_good nopl xtopology nonstop_tsc aperfmperf eagerfpu pni pclmulqdq dtes64 monitor ds_cpl vmx est tm2 ssse3 cx16 xtpr pdcm pcid sse4_1 sse4_2 x2apic popcnt tsc_deadline_timer aes xsave avx lahf_lm ida arat epb xsaveopt pln pts dtherm tpr_shadow vnmi flexpriority ept vpid
bogomips	: 4589.66
clflush size	: 64
cache_alignment	: 64
address sizes	: 36 bits physical, 48 bits virtual
power management:



Memory: 4k page, physical 3994068k(101464k free), swap 0k(0k free)

vm_info: OpenJDK 64-Bit Server VM (24.65-b04) for linux-amd64 JRE (1.7.0_65-b32), built on Oct 22 2014 04:37:44 by "buildd" with gcc 4.8.2

time: Sat Feb 28 11:50:53 2015
elapsed time: 13 seconds

